2026-04-21 13:18:17: Warning: connect.session() MemoryStore is not
designed for a production environment, as it will leak
memory, and will not scale past a single process.
2026-04-21 13:40:03: Warning: connect.session() MemoryStore is not
designed for a production environment, as it will leak
memory, and will not scale past a single process.
2026-04-21 16:06:45: [404] GET /usuarios
2026-04-21 16:06:45: ❌ [2026-04-21T07:06:45.586Z] 404 GET /usuarios
2026-04-21 16:06:45:    Rota não encontrada: GET /usuarios
2026-04-21 16:06:45: [404] POST /logs/error
2026-04-21 16:06:45: ❌ [2026-04-21T07:06:45.710Z] 404 POST /logs/error
2026-04-21 16:06:45:    Rota não encontrada: POST /logs/error
2026-04-23 11:27:25: [404] GET /usuarios
2026-04-23 11:27:26: ❌ [2026-04-23T02:27:26.081Z] 404 GET /usuarios
2026-04-23 11:27:26:    Rota não encontrada: GET /usuarios
2026-04-23 11:27:34: [404] POST /logs/error
2026-04-23 11:27:35: ❌ [2026-04-23T02:27:34.845Z] 404 POST /logs/error
2026-04-23 11:27:35:    Rota não encontrada: POST /logs/error
2026-04-23 12:07:15: ❌ Frontend Error: API 401: Token ausente
2026-04-23 12:10:29: ❌ Frontend Error: API 401: Token ausente
2026-04-23 12:10:29: ❌ Frontend Error: API 401: Token ausente
2026-04-23 12:10:29: ❌ Frontend Error: API 401: Token ausente
2026-04-23 12:10:29: ❌ Frontend Error: API 401: Token ausente
2026-04-23 12:10:29: ❌ Frontend Error: API 401: Token ausente
